2025-07-03 14:08:45  [TestNG-test-Regression Test-2] INFO  c.g.m.config.Configuration - jdk.internal.loader.ClassLoaders$AppClassLoader@639fee48
2025-07-03 14:08:45  [TestNG-test-Regression Test-1] INFO  c.g.m.config.Configuration - jdk.internal.loader.ClassLoaders$AppClassLoader@639fee48
2025-07-03 14:08:45  [TestNG-test-Regression Test-2] INFO  com.github.mirospanacek.TestPreset - Actual test URL: http://localhost:8089
2025-07-03 14:08:45  [TestNG-test-Regression Test-1] INFO  com.github.mirospanacek.TestPreset - Actual test URL: http://localhost:8089
2025-07-03 14:08:45  [TestNG-test-Regression Test-1] WARN  i.g.bonigarcia.wdm.WebDriverManager - Exception deleting driver cache at /home/mp/.cache/selenium
org.apache.commons.io.IOExceptionList: 2 exception(s): [org.apache.commons.io.IOIndexedException: FileNotFoundException #0: File does not exist: /home/mp/.cache/selenium/resolution.properties, org.apache.commons.io.IOIndexedException: IOException #1: Cannot delete file: /home/mp/.cache/selenium/chromedriver]
	at org.apache.commons.io.IOExceptionList.checkEmpty(IOExceptionList.java:50)
	at org.apache.commons.io.function.IOStream.forAll(IOStream.java:359)
	at org.apache.commons.io.function.IOStreams.forAll(IOStreams.java:42)
	at org.apache.commons.io.function.IOStreams.forAll(IOStreams.java:36)
	at org.apache.commons.io.function.IOConsumer.forAll(IOConsumer.java:80)
	at org.apache.commons.io.FileUtils.cleanDirectory(FileUtils.java:365)
	at io.github.bonigarcia.wdm.WebDriverManager.clearDriverCache(WebDriverManager.java:825)
	at com.github.mirospanacek.driverFactory.DriverFactory.create(DriverFactory.java:62)
	at com.github.mirospanacek.TestPreset.initial(TestPreset.java:78)
	at java.base/jdk.internal.reflect.DirectMethodHandleAccessor.invoke(DirectMethodHandleAccessor.java:103)
	at java.base/java.lang.reflect.Method.invoke(Method.java:580)
	at org.testng.internal.invokers.MethodInvocationHelper.invokeMethod(MethodInvocationHelper.java:141)
	at org.testng.internal.invokers.InvokeMethodRunnable.runOne(InvokeMethodRunnable.java:47)
	at org.testng.internal.invokers.InvokeMethodRunnable.call(InvokeMethodRunnable.java:76)
	at org.testng.internal.invokers.InvokeMethodRunnable.run(InvokeMethodRunnable.java:33)
	at org.testng.internal.invokers.MethodInvocationHelper.invokeWithTimeoutWithNoExecutor(MethodInvocationHelper.java:353)
	at org.testng.internal.invokers.MethodInvocationHelper.invokeWithTimeout(MethodInvocationHelper.java:308)
	at org.testng.internal.invokers.MethodInvocationHelper.invokeWithTimeout(MethodInvocationHelper.java:292)
	at org.testng.internal.invokers.MethodInvocationHelper.invokeMethodConsideringTimeout(MethodInvocationHelper.java:73)
	at org.testng.internal.invokers.ConfigInvoker.invokeConfigurationMethod(ConfigInvoker.java:400)
	at org.testng.internal.invokers.ConfigInvoker.invokeConfigurations(ConfigInvoker.java:333)
	at org.testng.internal.invokers.TestMethodWorker.invokeBeforeClassMethods(TestMethodWorker.java:188)
	at org.testng.internal.invokers.TestMethodWorker.run(TestMethodWorker.java:128)
	at java.base/java.util.concurrent.Executors$RunnableAdapter.call(Executors.java:572)
	at java.base/java.util.concurrent.FutureTask.run(FutureTask.java:317)
	at org.testng.internal.thread.graph.TestNGFutureTask.run(TestNGFutureTask.java:22)
	at java.base/java.util.concurrent.ThreadPoolExecutor.runWorker(ThreadPoolExecutor.java:1144)
	at java.base/java.util.concurrent.ThreadPoolExecutor$Worker.run(ThreadPoolExecutor.java:642)
	at java.base/java.lang.Thread.run(Thread.java:1583)
Caused by: org.apache.commons.io.IOIndexedException: FileNotFoundException #0: File does not exist: /home/mp/.cache/selenium/resolution.properties
	at org.apache.commons.io.function.IOStream.lambda$forAll$11(IOStream.java:354)
	at java.base/java.util.Spliterators$ArraySpliterator.forEachRemaining(Spliterators.java:1024)
	at java.base/java.util.stream.ReferencePipeline$Head.forEach(ReferencePipeline.java:762)
	at org.apache.commons.io.function.IOStream.forAll(IOStream.java:345)
	... 27 common frames omitted
Caused by: java.io.FileNotFoundException: File does not exist: /home/mp/.cache/selenium/resolution.properties
	at org.apache.commons.io.FileUtils.forceDelete(FileUtils.java:1394)
	at org.apache.commons.io.function.IOStream.lambda$forAll$11(IOStream.java:347)
	... 30 common frames omitted
2025-07-03 14:08:46  [TestNG-test-Regression Test-1] INFO  i.g.bonigarcia.wdm.WebDriverManager - Using chromedriver 138.0.7204.92 (resolved driver for Chrome 138)
2025-07-03 14:08:46  [TestNG-test-Regression Test-2] INFO  i.g.bonigarcia.wdm.WebDriverManager - Using chromedriver 138.0.7204.92 (resolved driver for Chrome 138)
2025-07-03 14:08:46  [TestNG-test-Regression Test-2] INFO  i.g.b.wdm.online.Downloader - Downloading https://storage.googleapis.com/chrome-for-testing-public/138.0.7204.92/linux64/chromedriver-linux64.zip
2025-07-03 14:08:46  [TestNG-test-Regression Test-1] INFO  i.g.b.wdm.online.Downloader - Downloading https://storage.googleapis.com/chrome-for-testing-public/138.0.7204.92/linux64/chromedriver-linux64.zip
2025-07-03 14:08:54  [TestNG-test-Regression Test-2] INFO  i.g.b.wdm.online.Downloader - Extracting driver from compressed file chromedriver-linux64.zip
2025-07-03 14:08:55  [TestNG-test-Regression Test-2] INFO  i.g.bonigarcia.wdm.WebDriverManager - Exporting webdriver.chrome.driver as /home/mp/.cache/selenium/chromedriver/linux64/138.0.7204.92/chromedriver
2025-07-03 14:08:55 positiveLogin [TestNG-test-Regression Test-2] INFO  com.github.mirospanacek.TestPreset - ************* Test: positiveLogin **************
2025-07-03 14:08:55 positiveLogin [TestNG-test-Regression Test-2] INFO  i.g.bonigarcia.wdm.WebDriverManager - Using chromedriver 138.0.7204.92 (resolved driver for Chrome 138)
2025-07-03 14:08:55 positiveLogin [TestNG-test-Regression Test-2] INFO  i.g.bonigarcia.wdm.WebDriverManager - Exporting webdriver.chrome.driver as /home/mp/.cache/selenium/chromedriver/linux64/138.0.7204.92/chromedriver
2025-07-03 14:08:57  [TestNG-test-Regression Test-1] INFO  i.g.b.wdm.online.Downloader - Extracting driver from compressed file chromedriver-linux64.zip
2025-07-03 14:08:57 positiveLogin [TestNG-test-Regression Test-2] INFO  c.g.m.login.ValidLoginTest - Step 1: Fill in user name password and click the button login
2025-07-03 14:08:57  [TestNG-test-Regression Test-1] INFO  i.g.bonigarcia.wdm.WebDriverManager - Exporting webdriver.chrome.driver as /home/mp/.cache/selenium/chromedriver/linux64/138.0.7204.92/chromedriver
2025-07-03 14:08:57 positiveLogin [TestNG-test-Regression Test-1] INFO  com.github.mirospanacek.TestPreset - ************* Test: positiveLogin **************
2025-07-03 14:08:57 positiveLogin [TestNG-test-Regression Test-1] INFO  i.g.bonigarcia.wdm.WebDriverManager - Using chromedriver 138.0.7204.92 (resolved driver for Chrome 138)
2025-07-03 14:08:58 positiveLogin [TestNG-test-Regression Test-1] INFO  i.g.bonigarcia.wdm.WebDriverManager - Exporting webdriver.chrome.driver as /home/mp/.cache/selenium/chromedriver/linux64/138.0.7204.92/chromedriver
2025-07-03 14:08:59 positiveLogin [TestNG-test-Regression Test-2] INFO  c.g.m.login.ValidLoginTest - Miroš Panáček
2025-07-03 14:08:59 positiveLogin [TestNG-test-Regression Test-2] INFO  c.g.m.login.ValidLoginTest - Miroš Panáček
2025-07-03 14:08:59 positiveLogin [TestNG-test-Regression Test-2] INFO  com.github.mirospanacek.TestPreset - ********** end of test:positiveLogin ***********
2025-07-03 14:09:00 positiveLogin [TestNG-test-Regression Test-1] INFO  c.g.m.login.InvalidLoginTest - Step 1: Fill in user name password and click the button login
2025-07-03 14:09:01 positiveLogin [TestNG-test-Regression Test-1] INFO  com.github.mirospanacek.TestPreset - ********** end of test:positiveLogin ***********
2025-07-03 14:09:01 positiveLogin [TestNG-test-Regression Test-1] INFO  com.github.mirospanacek.TestPreset - ************* Test: positiveLogin **************
2025-07-03 14:09:01 positiveLogin [TestNG-test-Regression Test-1] INFO  i.g.bonigarcia.wdm.WebDriverManager - Using chromedriver 138.0.7204.92 (resolved driver for Chrome 138)
2025-07-03 14:09:01 positiveLogin [TestNG-test-Regression Test-1] INFO  i.g.bonigarcia.wdm.WebDriverManager - Exporting webdriver.chrome.driver as /home/mp/.cache/selenium/chromedriver/linux64/138.0.7204.92/chromedriver
2025-07-03 14:09:03 positiveLogin [TestNG-test-Regression Test-1] INFO  c.g.m.login.InvalidLoginTest - Step 1: Fill in user name password and click the button login
2025-07-03 14:09:07 positiveLogin [TestNG-test-Regression Test-1] ERROR com.github.mirospanacek.TestPreset - Error occur: Expected condition failed: waiting for visibility of element located by By.cssSelector: li[class='alert alert-danger'] (tried for 3 second(s) with 500 milliseconds interval)
Build info: version: '4.25.0', revision: '8a8aea2337'
System info: os.name: 'Linux', os.arch: 'amd64', os.version: '6.8.0-60-generic', java.version: '21.0.7'
Driver info: org.openqa.selenium.chrome.ChromeDriver
Capabilities {acceptInsecureCerts: false, browserName: chrome, browserVersion: 138.0.7204.92, chrome: {chromedriverVersion: 138.0.7204.92 (f079b9bc781e..., userDataDir: /tmp/.org.chromium.Chromium...}, fedcm:accounts: true, goog:chromeOptions: {debuggerAddress: localhost:36475}, networkConnectionEnabled: false, pageLoadStrategy: normal, platformName: linux, proxy: Proxy(), se:cdp: ws://localhost:36475/devtoo..., se:cdpVersion: 138.0.7204.92, setWindowRect: true, strictFileInteractability: false, timeouts: {implicit: 0, pageLoad: 300000, script: 30000}, unhandledPromptBehavior: dismiss and notify, webauthn:extension:credBlob: true, webauthn:extension:largeBlob: true, webauthn:extension:minPinLength: true, webauthn:extension:prf: true, webauthn:virtualAuthenticators: true}
Session ID: 37fbd789188ee217bf5f306cd8b9b7e8/n[org.openqa.selenium.support.ui.WebDriverWait.timeoutException(WebDriverWait.java:84), org.openqa.selenium.support.ui.FluentWait.until(FluentWait.java:228), com.github.mirospanacek.pages.LoginPage.getErrorMessage(LoginPage.java:46), com.github.mirospanacek.login.InvalidLoginTest.positiveLogin(InvalidLoginTest.java:45), java.base/jdk.internal.reflect.DirectMethodHandleAccessor.invoke(DirectMethodHandleAccessor.java:103), java.base/java.lang.reflect.Method.invoke(Method.java:580), org.testng.internal.invokers.MethodInvocationHelper.invokeMethod(MethodInvocationHelper.java:141), org.testng.internal.invokers.InvokeMethodRunnable.runOne(InvokeMethodRunnable.java:47), org.testng.internal.invokers.InvokeMethodRunnable.call(InvokeMethodRunnable.java:76), org.testng.internal.invokers.InvokeMethodRunnable.run(InvokeMethodRunnable.java:33), org.testng.internal.invokers.MethodInvocationHelper.invokeWithTimeoutWithNoExecutor(MethodInvocationHelper.java:353), org.testng.internal.invokers.MethodInvocationHelper.invokeWithTimeout(MethodInvocationHelper.java:308), org.testng.internal.invokers.TestInvoker.invokeMethod(TestInvoker.java:695), org.testng.internal.invokers.TestInvoker.invokeTestMethod(TestInvoker.java:230), org.testng.internal.invokers.MethodRunner.runInSequence(MethodRunner.java:63), org.testng.internal.invokers.TestInvoker$MethodInvocationAgent.invoke(TestInvoker.java:992), org.testng.internal.invokers.TestInvoker.invokeTestMethods(TestInvoker.java:203), org.testng.internal.invokers.TestMethodWorker.invokeTestMethods(TestMethodWorker.java:154), org.testng.internal.invokers.TestMethodWorker.run(TestMethodWorker.java:134), java.base/java.util.concurrent.Executors$RunnableAdapter.call(Executors.java:572), java.base/java.util.concurrent.FutureTask.run(FutureTask.java:317), org.testng.internal.thread.graph.TestNGFutureTask.run(TestNGFutureTask.java:22), java.base/java.util.concurrent.ThreadPoolExecutor.runWorker(ThreadPoolExecutor.java:1144), java.base/java.util.concurrent.ThreadPoolExecutor$Worker.run(ThreadPoolExecutor.java:642), java.base/java.lang.Thread.run(Thread.java:1583)]/norg.openqa.selenium.TimeoutException: Expected condition failed: waiting for visibility of element located by By.cssSelector: li[class='alert alert-danger'] (tried for 3 second(s) with 500 milliseconds interval)
Build info: version: '4.25.0', revision: '8a8aea2337'
System info: os.name: 'Linux', os.arch: 'amd64', os.version: '6.8.0-60-generic', java.version: '21.0.7'
Driver info: org.openqa.selenium.chrome.ChromeDriver
Capabilities {acceptInsecureCerts: false, browserName: chrome, browserVersion: 138.0.7204.92, chrome: {chromedriverVersion: 138.0.7204.92 (f079b9bc781e..., userDataDir: /tmp/.org.chromium.Chromium...}, fedcm:accounts: true, goog:chromeOptions: {debuggerAddress: localhost:36475}, networkConnectionEnabled: false, pageLoadStrategy: normal, platformName: linux, proxy: Proxy(), se:cdp: ws://localhost:36475/devtoo..., se:cdpVersion: 138.0.7204.92, setWindowRect: true, strictFileInteractability: false, timeouts: {implicit: 0, pageLoad: 300000, script: 30000}, unhandledPromptBehavior: dismiss and notify, webauthn:extension:credBlob: true, webauthn:extension:largeBlob: true, webauthn:extension:minPinLength: true, webauthn:extension:prf: true, webauthn:virtualAuthenticators: true}
Session ID: 37fbd789188ee217bf5f306cd8b9b7e8
2025-07-03 14:09:07 positiveLogin [TestNG-test-Regression Test-1] INFO  com.github.mirospanacek.TestPreset - ********** end of test:positiveLogin ***********
2025-07-03 14:09:07 positiveLogin [TestNG-test-Regression Test-1] INFO  com.github.mirospanacek.TestPreset - ************* Test: positiveLogin **************
2025-07-03 14:09:07 positiveLogin [TestNG-test-Regression Test-1] INFO  i.g.bonigarcia.wdm.WebDriverManager - Using chromedriver 138.0.7204.92 (resolved driver for Chrome 138)
2025-07-03 14:09:07 positiveLogin [TestNG-test-Regression Test-1] INFO  i.g.bonigarcia.wdm.WebDriverManager - Exporting webdriver.chrome.driver as /home/mp/.cache/selenium/chromedriver/linux64/138.0.7204.92/chromedriver
2025-07-03 14:09:09 positiveLogin [TestNG-test-Regression Test-1] INFO  c.g.m.login.InvalidLoginTest - Step 1: Fill in user name password and click the button login
2025-07-03 14:09:10 positiveLogin [TestNG-test-Regression Test-1] INFO  com.github.mirospanacek.TestPreset - ********** end of test:positiveLogin ***********
2025-07-03 14:09:10  [main] INFO  com.github.mirospanacek.TestPreset - Running docker containers: prestashop/prestashop:latest
2025-07-03 14:09:10  [main] INFO  com.github.mirospanacek.TestPreset - Running docker containers: mysql:5.7
2025-07-03 14:09:10  [main] INFO  com.github.mirospanacek.TestPreset - Running docker containers: mongo-express
2025-07-03 14:09:10  [main] INFO  com.github.mirospanacek.TestPreset - Running docker containers: mongo:6
2025-07-03 14:09:10  [main] INFO  com.github.mirospanacek.TestPreset - End of suite
